  Compiling CUDA source file kernel.cu...
  
  C:\Users\USER\GPGPU\CUDA_T1\CUDA_T1>"C:\Program Files\NVIDIA GPU Computing Toolkit\CUDA\v11.2\bin\nvcc.exe" -gencode=arch=compute_52,code=\"sm_52,compute_52\" --use-local-env -ccbin "C:\Program Files (x86)\Microsoft Visual Studio\2017\Community\VC\Tools\MSVC\14.16.27023\bin\HostX86\x64" -x cu   -I"C:\Program Files\NVIDIA GPU Computing Toolkit\CUDA\v11.2\include" -I"C:\Program Files\NVIDIA GPU Computing Toolkit\CUDA\v11.2\include"  -G   --keep-dir x64\Debug  -maxrregcount=0  --machine 64 --compile -cudart static  -g  -DWIN32 -DWIN64 -D_DEBUG -D_CONSOLE -D_MBCS -Xcompiler "/EHsc /W3 /nologo /Od /Fdx64\Debug\vc141.pdb /FS /Zi /RTC1 /MDd " -o x64\Debug\kernel.cu.obj "C:\Users\USER\GPGPU\CUDA_T1\CUDA_T1\kernel.cu" 
  kernel.cu
C:/Users/USER/GPGPU/CUDA_T1/CUDA_T1/kernel.cu(189): warning C4244: '=': 'short'에서 'BYTE'(으)로 변환하면서 데이터가 손실될 수 있습니다.
C:/Users/USER/GPGPU/CUDA_T1/CUDA_T1/kernel.cu(199): warning C4244: '=': 'short'에서 'BYTE'(으)로 변환하면서 데이터가 손실될 수 있습니다.
C:/Users/USER/GPGPU/CUDA_T1/CUDA_T1/kernel.cu(209): warning C4244: '=': 'short'에서 'BYTE'(으)로 변환하면서 데이터가 손실될 수 있습니다.
C:/Users/USER/GPGPU/CUDA_T1/CUDA_T1/kernel.cu(375): warning C4477: 'fscanf' : 서식 문자열 '%d'에 'int *' 형식의 인수가 필요하지만 variadic 인수 1의 형식이 'char *'입니다.
  C:/Users/USER/GPGPU/CUDA_T1/CUDA_T1/kernel.cu(375): note: 서식 문자열에서 '%hhd'을(를) 사용하는 것이 좋습니다.
C:/Users/USER/GPGPU/CUDA_T1/CUDA_T1/kernel.cu(376): warning C4477: 'fscanf' : 서식 문자열 '%d'에 'int *' 형식의 인수가 필요하지만 variadic 인수 1의 형식이 'char *'입니다.
  C:/Users/USER/GPGPU/CUDA_T1/CUDA_T1/kernel.cu(376): note: 서식 문자열에서 '%hhd'을(를) 사용하는 것이 좋습니다.
C:/Users/USER/GPGPU/CUDA_T1/CUDA_T1/kernel.cu(377): warning C4477: 'fscanf' : 서식 문자열 '%d'에 'int *' 형식의 인수가 필요하지만 variadic 인수 1의 형식이 'char *'입니다.
  C:/Users/USER/GPGPU/CUDA_T1/CUDA_T1/kernel.cu(377): note: 서식 문자열에서 '%hhd'을(를) 사용하는 것이 좋습니다.
C:/Users/USER/GPGPU/CUDA_T1/CUDA_T1/kernel.cu(426): warning C4477: 'printf' : 서식 문자열 '%ld'에 'long' 형식의 인수가 필요하지만 variadic 인수 1의 형식이 'size_t'입니다.
  C:/Users/USER/GPGPU/CUDA_T1/CUDA_T1/kernel.cu(426): note: 서식 문자열에서 '%zd'을(를) 사용하는 것이 좋습니다.
C:/Users/USER/GPGPU/CUDA_T1/CUDA_T1/kernel.cu(427): warning C4477: 'printf' : 서식 문자열 '%ld'에 'long' 형식의 인수가 필요하지만 variadic 인수 1의 형식이 'size_t'입니다.
  C:/Users/USER/GPGPU/CUDA_T1/CUDA_T1/kernel.cu(427): note: 서식 문자열에서 '%zd'을(를) 사용하는 것이 좋습니다.
C:/Users/USER/GPGPU/CUDA_T1/CUDA_T1/kernel.cu(428): warning C4477: 'printf' : 서식 문자열 '%ld'에 'long' 형식의 인수가 필요하지만 variadic 인수 1의 형식이 'size_t'입니다.
  C:/Users/USER/GPGPU/CUDA_T1/CUDA_T1/kernel.cu(428): note: 서식 문자열에서 '%zd'을(를) 사용하는 것이 좋습니다.
C:/Users/USER/GPGPU/CUDA_T1/CUDA_T1/kernel.cu(429): warning C4477: 'printf' : 서식 문자열 '%ld'에 'long' 형식의 인수가 필요하지만 variadic 인수 1의 형식이 'size_t'입니다.
  C:/Users/USER/GPGPU/CUDA_T1/CUDA_T1/kernel.cu(429): note: 서식 문자열에서 '%zd'을(를) 사용하는 것이 좋습니다.
C:/Users/USER/GPGPU/CUDA_T1/CUDA_T1/kernel.cu(434): warning C4477: 'printf' : 서식 문자열 '%ld'에 'long' 형식의 인수가 필요하지만 variadic 인수 1의 형식이 'size_t'입니다.
  C:/Users/USER/GPGPU/CUDA_T1/CUDA_T1/kernel.cu(434): note: 서식 문자열에서 '%zd'을(를) 사용하는 것이 좋습니다.
     C:\Users\USER\GPGPU\CUDA_T1\x64\Debug\CUDA_T1.lib 라이브러리 및 C:\Users\USER\GPGPU\CUDA_T1\x64\Debug\CUDA_T1.exp 개체를 생성하고 있습니다.
  CUDA_T1.vcxproj -> C:\Users\USER\GPGPU\CUDA_T1\x64\Debug\CUDA_T1.exe
