  Preprocessing: convolution.cl
  Preprocessing: device.cl
  Using build options:  -I "C:\Users\mycom\Desktop\회사업무\OpenCL\OpenCL"
  Setting target instruction set architecture to: Default (Intel(R) Advanced Vector Extensions 2 (Intel(R) AVX2))
  Platform name: Intel(R) OpenCL
  Device name: Intel(R) Core(TM) i7-4510U CPU @ 2.00GHz
  Device version: OpenCL 1.2 (Build 10094)
  Device vendor: Intel(R) Corporation
  Device profile: FULL_PROFILE
  Compilation started
  Compilation done
  Linking started
  Linking done
  Device build started
  Device build done
  Kernel <simpleKernel> was successfully vectorized (8)
  Done.
  simpleKernel info:
  	Maximum work-group size: 8192
  	Compiler work-group size: (0, 0, 0)
  	Local memory size: 0
  	Preferred multiple of work-group size: 128
  	Minimum amount of private memory: 0
  
  Build succeeded!
  
  Using build options:  -I "C:\Users\mycom\Desktop\회사업무\OpenCL\OpenCL"
  Setting target instruction set architecture to: Default (Intel(R) Advanced Vector Extensions 2 (Intel(R) AVX2))
  Platform name: Intel(R) OpenCL
  Device name: Intel(R) Core(TM) i7-4510U CPU @ 2.00GHz
  Device version: OpenCL 1.2 (Build 10094)
  Device vendor: Intel(R) Corporation
  Device profile: FULL_PROFILE
  Compilation started
  Compilation done
  Linking started
  Linking done
  Device build started
  Device build done
  Done.
  Failed to get kernel names for work group info
  Build succeeded!
  
  host.cpp
c:\users\mycom\desktop\회사업무\opencl\opencl\host.cpp(101): warning C4018: '<': signed 또는 unsigned가 일치하지 않습니다.
c:\users\mycom\desktop\회사업무\opencl\opencl\host.cpp(109): warning C4018: '<': signed 또는 unsigned가 일치하지 않습니다.
c:\users\mycom\desktop\회사업무\opencl\opencl\host.cpp(274): warning C4838: 'int'에서 '::size_t'(으)로의 변환에는 축소 변환이 필요합니다.
c:\users\mycom\desktop\회사업무\opencl\opencl\host.cpp(340): warning C4101: 'output' :참조되지 않은 지역 변수입니다.
  코드를 생성하고 있습니다.
  2 of 14 functions (14.3%) were compiled, the rest were copied from previous compilation.
    0 functions were new in current compilation
    0 functions had inline decision re-evaluated but remain unchanged
  코드를 생성했습니다.
  OpenCL.vcxproj -> C:\Users\mycom\Desktop\회사업무\OpenCL\Release\OpenCL.exe
  convolution.cl
  device.cl
          2개 파일이 복사되었습니다.
