  Preprocessing: device.cl
  Using build options:  -I "C:\Users\mycom\Desktop\회사업무\OpenCL\OpenCL"
  Setting target instruction set architecture to: Default (Intel(R) Advanced Vector Extensions 2 (Intel(R) AVX2))
  Platform name: Intel(R) OpenCL
  Device name: Intel(R) Core(TM) i7-4510U CPU @ 2.00GHz
  Device version: OpenCL 1.2 (Build 10094)
  Device vendor: Intel(R) Corporation
  Device profile: FULL_PROFILE
  Compilation started
  Compilation done
  Linking started
  Linking done
  Device build started
  Device build done
  Done.
  Failed to get kernel names for work group info
  Build succeeded!
  
  host.cpp
c:\users\mycom\desktop\회사업무\opencl\opencl\host.cpp(98): warning C4018: '<': signed 또는 unsigned가 일치하지 않습니다.
c:\users\mycom\desktop\회사업무\opencl\opencl\host.cpp(106): warning C4018: '<': signed 또는 unsigned가 일치하지 않습니다.
c:\users\mycom\desktop\회사업무\opencl\opencl\host.cpp(252): warning C4838: 'int'에서 '::size_t'(으)로의 변환에는 축소 변환이 필요합니다.
c:\users\mycom\desktop\회사업무\opencl\opencl\host.cpp(327): warning C4244: '=': 'double'에서 'unsigned char'(으)로 변환하면서 데이터가 손실될 수 있습니다.
c:\users\mycom\desktop\회사업무\opencl\opencl\host.cpp(328): warning C4244: '=': 'double'에서 'unsigned char'(으)로 변환하면서 데이터가 손실될 수 있습니다.
c:\users\mycom\desktop\회사업무\opencl\opencl\host.cpp(329): warning C4244: '=': 'double'에서 'unsigned char'(으)로 변환하면서 데이터가 손실될 수 있습니다.
c:\users\mycom\desktop\회사업무\opencl\opencl\host.cpp(291): warning C4101: 'output' :참조되지 않은 지역 변수입니다.
  OpenCL.vcxproj -> C:\Users\mycom\Desktop\회사업무\OpenCL\Debug\OpenCL.exe
  convolution.cl
  device.cl
          2개 파일이 복사되었습니다.
