  Preprocessing: convolution.cl
  Using build options:  -I "C:\Users\mycom\Desktop\회사업무\GPGPU_프로젝트\OpenCL_T2\OpenCL_T2"
  Setting target instruction set architecture to: Default (Intel(R) Advanced Vector Extensions 2 (Intel(R) AVX2))
  Platform name: Intel(R) OpenCL
  Device name: Intel(R) Core(TM) i7-4510U CPU @ 2.00GHz
  Device version: OpenCL 1.2 (Build 10094)
  Device vendor: Intel(R) Corporation
  Device profile: FULL_PROFILE
  Compilation started
  Compilation done
  Linking started
  Linking done
  Device build started
  Device build done
  Kernel <simpleKernel> was successfully vectorized (8)
  Done.
  simpleKernel info:
  	Maximum work-group size: 8192
  	Compiler work-group size: (0, 0, 0)
  	Local memory size: 0
  	Preferred multiple of work-group size: 128
  	Minimum amount of private memory: 0
  
  Build succeeded!
  
  host.cpp
c:\users\mycom\desktop\회사업무\gpgpu_프로젝트\opencl_t2\opencl_t2\host.cpp(118): warning C4018: '<': signed 또는 unsigned가 일치하지 않습니다.
c:\users\mycom\desktop\회사업무\gpgpu_프로젝트\opencl_t2\opencl_t2\host.cpp(126): warning C4018: '<': signed 또는 unsigned가 일치하지 않습니다.
c:\users\mycom\desktop\회사업무\gpgpu_프로젝트\opencl_t2\opencl_t2\host.cpp(243): warning C4838: 'int'에서 '::size_t'(으)로의 변환에는 축소 변환이 필요합니다.
  OpenCL_T2.vcxproj -> C:\Users\mycom\Desktop\회사업무\GPGPU_프로젝트\OpenCL_T2\Debug\OpenCL_T2.exe
  convolution.cl
          1개 파일이 복사되었습니다.
